[	27-12-2018 06:59:00	] [KICK ACTION] Player: C. Jones has kicked: CORINGA for: You have been kicked. Reason: modding.
[	27-12-2018 08:57:04	] [KICK ACTION] Player: Silence has kicked: Todd for: You have been kicked. Reason: RDM.
[	31-12-2018 04:04:49	] [KICK ACTION] Player: C. Jones has kicked: [B] pudding324yt for: You have been kicked. Reason: Fail RP.
[	31-12-2018 04:05:38	] [KICK ACTION] Player: C. Jones has kicked: Mr.Rack for: You have been kicked. Reason: RDM.
[	31-12-2018 04:36:54	] [BAN ACTION] A new ban record has been added. Player: 'Mr.Rack' was banned by 'Billy F' for 'Banned by staff. ' until '01.01.2019 04:36:54'.
[	31-12-2018 04:37:13	] [BAN ACTION] A new ban record has been added. Player: '[B] pudding324yt' was banned by 'Silence' for 'Banned by staff.' until '01.01.2019 04:37:13'.
[	31-12-2018 05:15:37	] [BAN ACTION] A new ban record has been added. Player: 'InvalidPlayerName' was banned by 'Billy F' for 'Banned by staff.' until '31.12.2018 06:45:37'.
[	31-12-2018 05:15:47	] [BAN ACTION] A new ban record has been added. Player: 'InvalidPlayerName' was banned by 'Billy F' for 'Banned by staff.' until '31.12.2018 06:45:47'.
[	31-12-2018 05:18:35	] [BAN ACTION] A new ban record has been added. Player: '2Green' was banned by 'Billy F' for 'Banned by staff.' until '31.12.2018 06:18:35'.
[	31-12-2018 05:18:50	] [BAN ACTION] A new ban record has been added. Player: 'WaitDaze' was banned by 'Billy F' for 'Banned by staff.' until '31.12.2018 06:18:50'.
[	31-12-2018 05:21:14	] [BAN ACTION] A new ban record has been added. Player: 'Aidan' was banned by 'C. Jones' for 'Banned by staff.' until '31.12.2018 06:51:14'.
[	31-12-2018 05:21:17	] [BAN ACTION] A new ban record has been added. Player: 'InvalidPlayerName' was banned by 'Billy F' for 'Banned by staff.' until '01.01.2019 05:21:17'.
[	31-12-2018 05:41:25	] [KICK ACTION] Player: C. Jones has kicked: Gatsby for: You have been kicked. Reason: Immaturity and rascism.
[	31-12-2018 05:41:38	] [KICK ACTION] Player: C. Jones has kicked: Corpesy for: You have been kicked. Reason: Immaturity and rascism.
[	31-12-2018 06:25:28	] [KICK ACTION] Player: Silence has kicked: coleson9076 for: You have been kicked. Reason: Cop baiting..
[	31-12-2018 06:25:39	] [KICK ACTION] Player: Silence has kicked: Varkrus for: You have been kicked. Reason: Cop baiting..
[	31-12-2018 06:38:49	] [KICK ACTION] Player: Silence has kicked: braithchilby05 for: You have been kicked. Reason: FailRP.
[	31-12-2018 06:51:02	] [BAN ACTION] A new ban record has been added. Player: 'InvalidPlayerName' was banned by 'Silence' for 'Spamming' until '31.12.2018 08:51:02'.
[	31-12-2018 06:52:42	] [BAN ACTION] A new ban record has been added. Player: 'Sabritas5.tv' was banned by 'Silence' for 'Spamming.' until '31.12.2018 08:52:42'.
[	31-12-2018 07:14:13	] [BAN ACTION] A new ban record has been added. Player: 'Sawlty Cabbage' was banned by 'Silence' for 'RDM' until '31.12.2018 08:14:13'.
[	31-12-2018 07:17:16	] [BAN ACTION] A new ban record has been added. Player: 'NovrShots' was banned by 'Silence' for 'RDM' until '31.12.2018 08:17:16'.
[	31-12-2018 07:25:24	] [BAN ACTION] A new ban record has been added. Player: 'GhostNation1943' was banned by 'Silence' for 'VDM' until '31.12.2018 08:25:24'.
[	31-12-2018 07:41:28	] [BAN ACTION] A new ban record has been added. Player: 'ItsFyz' was banned by 'Silence' for 'VDM' until '31.12.2018 08:41:28'.
[	31-12-2018 07:46:58	] [BAN ACTION] A new ban record has been added. Player: 'justinphillips62103' was banned by 'Silence' for 'RDM' until '31.12.2018 08:46:58'.
[	31-12-2018 08:37:03	] [BAN ACTION] A new ban record has been added. Player: 'xeiz_' was banned by 'Silence' for 'Fail RP' until '31.12.2018 09:37:03'.
[	31-12-2018 08:49:47	] [BAN ACTION] A new ban record has been added. Player: 'vanderp' was banned by 'Silence' for 'RDM' until '31.12.2018 13:49:47'.
[	31-12-2018 22:36:39	] [BAN ACTION] The following ban record has been removed (player unbanned). The player has been unbanned because their ban duration expired. [Player: Sabritas5.tv was banned by Silence for Spamming. until 31.12.2018 08:52:42.]
[	01-01-2019 04:55:21	] [BAN ACTION] The following ban record has been removed (player unbanned). The player has been unbanned because their ban duration expired. [Player: xeiz_ was banned by Silence for Fail RP until 31.12.2018 09:37:03.]
[	01-01-2019 09:43:44	] [BAN ACTION] A new ban record has been added. Player: 'Enforcer_Chris' was banned by 'Silence' for 'See ya' until '01.01.3000 00:00:00' (forever).
[	02-01-2019 00:12:08	] [KICK ACTION] Player: Silence has kicked: Billcoin$ for: You have been kicked. Reason: Cop Baiting..
[	02-01-2019 00:55:03	] [BAN ACTION] The following ban record has been removed (player unbanned). The player has been unbanned because their ban duration expired. [Player: Sawlty Cabbage was banned by Silence for RDM until 31.12.2018 08:14:13.]
[	03-01-2019 06:50:28	] [BAN ACTION] A new ban record has been added. Player: 'InvalidPlayerName' was banned by 'Silence' for 'RDM' until '01/04/2019 06:50:28'.
[	04-01-2019 13:34:46	] [KICK ACTION] Player: Silence has kicked: Skrrrt for: You have been kicked. Reason: Troll.
[	13-01-2019 09:03:32	] [KICK ACTION] Player: Billy F. has kicked: ParamedicIRL for: You have been kicked. Reason: Fail RP.
[	20-01-2019 00:13:58	] [KICK ACTION] Player: Rodiestine has kicked: fredb2340 for: You have been kicked. Reason: learn to rp not drm.
[	20-01-2019 02:55:37	] [KICK ACTION] Player: C. Jones has kicked: SteppyBoi for: You have been kicked. Reason: Fail RP/RDM.
[	20-01-2019 02:56:36	] [KICK ACTION] Player: Billy F. has kicked: ~r~Nefera for: You have been kicked. Reason: Fail RP/RDM.
[	20-01-2019 02:58:00	] [KICK ACTION] Player: Billy F. has kicked: Sam Caro. for: You have been kicked. Reason: Fail RP/RDM.
[	20-01-2019 03:10:53	] [KICK ACTION] Player: C. Jones has kicked: ~r~Nefera for: You have been kicked. Reason: Cop Baiting/ Fail RP.
[	20-01-2019 03:23:23	] [BAN ACTION] A new ban record has been added. Player: 'rNefera' was banned by 'C. Jones' for 'Banned by staff.' until '21.01.2019 03:23:23'.
[	20-01-2019 03:24:42	] [KICK ACTION] Player: Billy F. has kicked: SteppyBoi for: You have been kicked. Reason: Fail RP/RDM.
[	20-01-2019 03:35:51	] [KICK ACTION] Player: C. Jones has kicked: chasers08 for: You have been kicked. Reason: Fail RP/ Cop Baiting.
[	20-01-2019 03:50:43	] [BAN ACTION] A new ban record has been added. Player: 'chasers08' was banned by 'C. Jones' for 'RDM' until '20.01.2019 15:50:43'.
[	20-01-2019 07:46:52	] [KICK ACTION] Player: R. Wolfe has kicked: mugz for: You have been kicked. Reason: failrp/copbait.
[	20-01-2019 15:57:27	] [BAN ACTION] The following ban record has been removed (player unbanned). The player has been unbanned because their ban duration expired. [Player: chasers08 was banned by C. Jones for RDM until 20.01.2019 15:50:43.]
[	21-01-2019 05:03:18	] [KICK ACTION] Player: Rodiestine has kicked: Tom Hawsking for: You have been kicked. Reason: Stop stealing cop car last warning.
[	21-01-2019 05:15:12	] [KICK ACTION] Player: Rodiestine has kicked: NationalShooter for: You have been kicked. Reason: RDM.
[	21-01-2019 05:54:24	] [BAN ACTION] A new ban record has been added. Player: '{TCG} Sckupz' was banned by 'Rodiestine' for 'RDM ' until '21.01.2019 17:54:24'.
[	21-01-2019 06:11:03	] [BAN ACTION] The following ban record has been removed (player unbanned). The player has been unbanned because their ban duration expired. [Player: [B] pudding324yt was banned by Silence for Banned by staff. until 01.01.2019 04:37:13.]
[	21-01-2019 06:22:44	] [BAN ACTION] A new ban record has been added. Player: 'Dehruse' was banned by 'Silence' for 'Cop baiting' until '21.01.2019 07:22:44'.
[	21-01-2019 06:31:49	] [KICK ACTION] Player: Rodiestine has kicked: killerdude for: You have been kicked. Reason: fail rp/ apply to be com on our discord.
[	21-01-2019 06:37:32	] [KICK ACTION] Player: Rodiestine has kicked: CUDACOREZ for: You have been kicked. Reason: RP Fail super jump.
[	21-01-2019 06:41:00	] [BAN ACTION] A new ban record has been added. Player: 'BigTreavorTTV' was banned by 'Rodiestine' for 'Banned by staff. Massive Fail RP ' until '22.01.2019 02:41:00'.
[	21-01-2019 06:46:37	] [BAN ACTION] A new ban record has been added. Player: 'NationalShooter' was banned by 'willieyum' for 'Banned by staff. RDM' until '21.01.2019 08:16:37'.
[	21-01-2019 06:51:18	] [BAN ACTION] A new ban record has been added. Player: 'InvalidPlayerName' was banned by 'C. Jones' for 'Banned by staff. RDM' until '21.01.2019 08:21:18'.
[	21-01-2019 06:56:35	] [BAN ACTION] A new ban record has been added. Player: 'InvalidPlayerName' was banned by 'C. Jones' for 'Banned by staff.' until '21.01.2019 08:26:35'.
[	21-01-2019 07:03:37	] [KICK ACTION] Player: Silence has kicked: Tyler H. for: You have been kicked. Reason: RDM.
[	21-01-2019 07:59:52	] [KICK ACTION] Player: C. Jones has kicked: MURK820 for: You have been kicked. Reason: Fail RP.
[	21-01-2019 08:07:30	] [KICK ACTION] Player: C. Jones has kicked: ~r~ [2A-02] Jakie P. for: You have been kicked. Reason: Fail RP.
[	21-01-2019 08:46:48	] [BAN ACTION] A new ban record has been added. Player: 'PPG_Drake' was banned by 'R. Wolfe' for 'FailRP' until '01.01.3000 00:00:00' (forever).
[	21-01-2019 08:46:50	] [BAN ACTION] A new ban record has been added. Player: 'InvalidPlayerName' was banned by 'Silence' for 'Banned by staff.' until '21.01.2019 20:46:50'.
[	21-01-2019 08:46:56	] [BAN ACTION] A new ban record has been added. Player: 'Mr.TriHard' was banned by 'R. Wolfe' for 'FailRP' until '01.01.3000 00:00:00' (forever).
[	21-01-2019 09:19:55	] [BAN ACTION] A new ban record has been added. Player: '-5-' was banned by 'Silence' for 'Fail RP' until '21.01.2019 15:19:55'.
[	21-01-2019 09:20:39	] [BAN ACTION] A new ban record has been added. Player: 'MXVCII' was banned by 'Silence' for 'Fail RP' until '21.01.2019 15:20:39'.
[	21-01-2019 17:16:47	] [BAN ACTION] The following ban record has been removed (player unbanned). The player has been unbanned because their ban duration expired. [Player: rNefera was banned by C. Jones for Banned by staff. until 21.01.2019 03:23:23.]
[	22-01-2019 00:41:23	] [BAN ACTION] The following ban record has been removed (player unbanned). The player has been unbanned because their ban duration expired. [Player: NationalShooter was banned by willieyum for Banned by staff. RDM until 21.01.2019 08:16:37.]
[	22-01-2019 06:16:33	] [KICK ACTION] Player: Silence has kicked: Howard Mobley for: You have been kicked. Reason: rdm.
[	23-01-2019 13:13:16	] [BAN ACTION] The following ban record has been removed (player unbanned). The player has been unbanned because their ban duration expired. [Player: MXVCII was banned by Silence for Fail RP until 21.01.2019 15:20:39.]
[	26-01-2019 04:12:20	] [KICK ACTION] Player: R. Wolfe has kicked: KilliroTV for: You have been kicked. Reason: Kicked..
[	26-01-2019 04:21:41	] [KICK ACTION] Player: R. Wolfe has kicked: BERTMASTER93 for: You have been kicked. Reason: Copbait/FailRP.
[	26-01-2019 04:41:05	] [BAN ACTION] A new ban record has been added. Player: 'KilliroTV' was banned by 'R. Wolfe' for 'FailRP, CopBait' until '26.01.2019 05:41:05'.
[	26-01-2019 04:45:28	] [KICK ACTION] Player: C. Jones has kicked: Eostrow2 for: You have been kicked. Reason: Fail RP/ Cop Baiting.
[	26-01-2019 04:56:29	] [KICK ACTION] Player: C. Jones has kicked: jhmadeit for: You have been kicked. Reason: Fail RP/COp Baiting.
[	26-01-2019 05:02:20	] [KICK ACTION] Player: C. Jones has kicked: .Frank Kelly for: You have been kicked. Reason: Fail RP.
[	26-01-2019 05:02:27	] [KICK ACTION] Player: C. Jones has kicked: FasterTheThug for: You have been kicked. Reason: Fail RP.
[	26-01-2019 05:21:17	] [KICK ACTION] Player: C. Jones has kicked: wilburbean for: You have been kicked. Reason: Faile RP.
[	26-01-2019 06:47:12	] [KICK ACTION] Player: R. Wolfe has kicked: Jay P for: You have been kicked. Reason: FailRP.
[	26-01-2019 08:13:06	] [KICK ACTION] Player: Silence has kicked: Moogaroo for: You have been kicked. Reason: Fail RP / Cop Baiting.
[	26-01-2019 08:48:30	] [KICK ACTION] Player: C. Jones has kicked: Rex for: You have been kicked. Reason: Fail RP.
[	26-01-2019 09:03:54	] [KICK ACTION] Player: C. Jones has kicked: Rex for: You have been kicked. Reason: Fail RP Cop Baiting.
[	26-01-2019 10:19:03	] [KICK ACTION] Player: R. Wolfe has kicked: Toni for: You have been kicked. Reason: FailRP.
[	26-01-2019 23:48:30	] [BAN ACTION] The following ban record has been removed (player unbanned). The player has been unbanned because their ban duration expired. [Player: KilliroTV was banned by R. Wolfe for FailRP, CopBait until 26.01.2019 05:41:05.]
[	27-01-2019 03:59:59	] [KICK ACTION] Player: R. Wolfe has kicked: The Ebike Guy for: You have been kicked. Reason: FailRP.
[	27-01-2019 04:32:43	] [BAN ACTION] A new ban record has been added. Player: 'PlackMeh' was banned by 'R. Wolfe' for 'FailRP' until '28.01.2019 04:32:43'.
[	27-01-2019 04:41:23	] [KICK ACTION] Player: R. Wolfe has kicked: KilliroTV for: You have been kicked. Reason: FailRP.
[	27-01-2019 04:42:28	] [KICK ACTION] Player: R. Wolfe has kicked: dm_games03 for: You have been kicked. Reason: FailRP.
[	27-01-2019 05:00:40	] [BAN ACTION] A new ban record has been added. Player: 'Dikk' was banned by 'R. Wolfe' for 'FailRP' until '01.01.3000 00:00:00' (forever).
[	27-01-2019 05:09:11	] [BAN ACTION] A new ban record has been added. Player: 'd24' was banned by 'R. Wolfe' for 'FailRP' until '27.01.2019 07:09:11'.
[	27-01-2019 06:01:29	] [KICK ACTION] Player: C. Jones has kicked: hppysaw123 for: You have been kicked. Reason: Cop Baiting.
[	27-01-2019 06:06:26	] [KICK ACTION] Player: C. Jones has kicked: ✪ Boostmeister for: You have been kicked. Reason: Cop Baiting/Fail RP.
[	27-01-2019 06:08:22	] [KICK ACTION] Player: C. Jones has kicked: Haliac for: You have been kicked. Reason: Fail RP.
[	27-01-2019 06:13:15	] [KICK ACTION] Player: C. Jones has kicked: dazeligma362 for: You have been kicked. Reason: Cop Baiting/Fail RP.
[	27-01-2019 06:21:27	] [BAN ACTION] A new ban record has been added. Player: 'Otto' was banned by 'C. Jones' for 'Random Death Matching' until '27.01.2019 07:51:27'.
[	27-01-2019 06:22:51	] [KICK ACTION] Player: C. Jones has kicked: ooga booga for: You have been kicked. Reason: Fail RP.
[	27-01-2019 06:25:46	] [KICK ACTION] Player: C. Jones has kicked: KilliroTV for: You have been kicked. Reason: Cop Baiting/Fail RP.
[	27-01-2019 06:30:42	] [BAN ACTION] The following ban record has been removed (player unbanned). [Player: Otto was banned by C. Jones for Random Death Matching until 27.01.2019 07:51:27.]
[	27-01-2019 06:38:50	] [BAN ACTION] A new ban record has been added. Player: 'Symere Woods' was banned by 'C. Jones' for 'Random Death Matching' until '27.01.2019 08:08:50'.
[	27-01-2019 08:46:14	] [KICK ACTION] Player: R. Wolfe has kicked: ~r~Peanut for: You have been kicked. Reason: FailRP.
[	27-01-2019 23:37:37	] [BAN ACTION] A new ban record has been added. Player: 'dazeligma362' was banned by 'Silence' for 'Come back when you know how to relax big fella.' until '01/28/2019 11:37:37'.
[	28-01-2019 01:16:12	] [KICK ACTION] Player: Billy F. has kicked: MikeHawk432 for: You have been kicked. Reason: Fail RP.
[	28-01-2019 01:42:19	] [KICK ACTION] Player: Silence has kicked: bomberboi76 for: You have been kicked. Reason: Fail RP, Do NOT repair your car when getting chased..
[	28-01-2019 05:39:02	] [KICK ACTION] Player: Silence has kicked: Fxnatix for: You have been kicked. Reason: Fail RP.
[	28-01-2019 08:35:18	] [BAN ACTION] A new ban record has been added. Player: 'Ashley' was banned by 'R. Wolfe' for 'FailRP/Copbait' until '01/28/2019 10:05:18'.
[	28-01-2019 08:37:40	] [BAN ACTION] A new ban record has been added. Player: '[157] sambb198' was banned by 'C. Jones' for 'VDM' until '01/01/3000 00:00:00' (forever).
[	28-01-2019 22:36:34	] [BAN ACTION] The following ban record has been removed (player unbanned). The player has been unbanned because their ban duration expired. [Player: dazeligma362 was banned by Silence for Come back when you know how to relax big fella. until 28.01.2019 11:37:37.]
[	29-01-2019 00:09:24	] [KICK ACTION] Player: C. Jones has kicked: Jimmy for: You have been kicked. Reason: Fail RP/Cop Baiting.
[	29-01-2019 01:30:26	] [KICK ACTION] Player: C. Jones has kicked: AmericanTyler for: You have been kicked. Reason: Cop Baiting.
[	29-01-2019 01:56:10	] [KICK ACTION] Player: C. Jones has kicked: HighbreadGuyTK for: You have been kicked. Reason: Fail RP.
[	29-01-2019 02:29:03	] [BAN ACTION] A new ban record has been added. Player: 'Jimmy' was banned by 'C. Jones' for 'Fail RP/Cop Baiting' until '29.01.2019 03:29:03'.
[	29-01-2019 03:01:29	] [KICK ACTION] Player: C. Jones has kicked: n1c0 for: You have been kicked. Reason: Fail RP/Cop Baiting.
[	29-01-2019 03:03:45	] [KICK ACTION] Player: C. Jones has kicked: Vortex_123 for: You have been kicked. Reason: Fail RP.
[	29-01-2019 04:00:12	] [BAN ACTION] A new ban record has been added. Player: 'Devett' was banned by 'Silence' for 'Troll.' until '29.01.2019 16:00:12'.
[	29-01-2019 04:01:26	] [BAN ACTION] A new ban record has been added. Player: 'Somot' was banned by 'Silence' for 'VDM/RDM' until '01.02.2019 22:01:26'.
[	29-01-2019 04:04:24	] [BAN ACTION] A new ban record has been added. Player: 'Kody' was banned by 'Silence' for 'VDM' until '29.01.2019 16:04:24'.
[	29-01-2019 04:09:20	] [KICK ACTION] Player: Silence has kicked: S-125 | Deputy | Aidan for: You have been kicked. Reason: Fail RP.
[	29-01-2019 06:29:52	] [BAN ACTION] A new ban record has been added. Player: 'Hayden M' was banned by 'Silence' for 'Fail RP' until '29.01.2019 18:29:52'.
[	29-01-2019 23:59:07	] [BAN ACTION] The following ban record has been removed (player unbanned). The player has been unbanned because their ban duration expired. [Player: Hayden M was banned by Silence for Fail RP until 29.01.2019 18:29:52.]
